<?xml version="1.0" encoding="UTF-8"?>
<testng-results ignored="0" total="1" passed="1" failed="0" skipped="0">
  <reporter-output>
  </reporter-output>
  <suite started-at="2024-01-15T10:24:02 GMT" name="Default suite" finished-at="2024-01-15T10:24:29 GMT" duration-ms="27183">
    <groups>
      <group name="cucumber">
        <method signature="AbstractTestNGCucumberTests.runScenario(io.cucumber.testng.PickleWrapper,io.cucumber.testng.FeatureWrapper)[pri:0, instance:RunnerPackage.MonitorCucumberRunner@221a3fa4]" name="runScenario" class="io.cucumber.testng.AbstractTestNGCucumberTests"/>
      </group> <!-- cucumber -->
    </groups>
    <test started-at="2024-01-15T10:24:02 GMT" name="Default test" finished-at="2024-01-15T10:24:29 GMT" duration-ms="27183">
      <class name="RunnerPackage.MonitorCucumberRunner">
        <test-method is-config="true" signature="setUpClass(org.testng.ITestContext)[pri:0, instance:RunnerPackage.MonitorCucumberRunner@221a3fa4]" started-at="2024-01-15T10:24:02 GMT" name="setUpClass" finished-at="2024-01-15T10:24:02 GMT" duration-ms="321" status="PASS">
          <params>
            <param index="0">
              <value>
                <![CDATA[org.testng.TestRunner@11a8042c]]>
              </value>
            </param>
          </params>
          <reporter-output>
          </reporter-output>
        </test-method> <!-- setUpClass -->
        <test-method signature="runScenario(io.cucumber.testng.PickleWrapper,io.cucumber.testng.FeatureWrapper)[pri:0, instance:RunnerPackage.MonitorCucumberRunner@221a3fa4]" started-at="2024-01-15T10:24:02 GMT" name="runScenario" description="Runs Cucumber Scenarios" data-provider="scenarios" finished-at="2024-01-15T10:24:29 GMT" duration-ms="26676" status="PASS">
          <params>
            <param index="0">
              <value>
                <![CDATA["Adding a “Laptop” Item in Cart and verifying sub total"]]>
              </value>
            </param>
            <param index="1">
              <value>
                <![CDATA["Adding First Item in Cart and verifying sub total"]]>
              </value>
            </param>
          </params>
          <reporter-output>
          </reporter-output>
        </test-method> <!-- runScenario -->
        <test-method is-config="true" signature="tearDownClass()[pri:0, instance:RunnerPackage.MonitorCucumberRunner@221a3fa4]" started-at="2024-01-15T10:24:29 GMT" name="tearDownClass" finished-at="2024-01-15T10:24:29 GMT" duration-ms="16" status="PASS">
          <reporter-output>
          </reporter-output>
        </test-method> <!-- tearDownClass -->
      </class> <!-- RunnerPackage.MonitorCucumberRunner -->
    </test> <!-- Default test -->
  </suite> <!-- Default suite -->
</testng-results>
