<?xml version="1.0" encoding="UTF-8"?>
<testng-results ignored="0" total="1" passed="1" failed="0" skipped="0">
  <reporter-output>
  </reporter-output>
  <suite started-at="2024-01-16T22:18:30 GMT" name="Default suite" finished-at="2024-01-16T22:18:55 GMT" duration-ms="24942">
    <groups>
      <group name="cucumber">
        <method signature="AbstractTestNGCucumberTests.runScenario(io.cucumber.testng.PickleWrapper,io.cucumber.testng.FeatureWrapper)[pri:0, instance:RunnerPackage.MonitorCucumberRunner@221a3fa4]" name="runScenario" class="io.cucumber.testng.AbstractTestNGCucumberTests"/>
      </group> <!-- cucumber -->
    </groups>
    <test started-at="2024-01-16T22:18:30 GMT" name="Default test" finished-at="2024-01-16T22:18:55 GMT" duration-ms="24942">
      <class name="RunnerPackage.MonitorCucumberRunner">
        <test-method is-config="true" signature="setUpClass(org.testng.ITestContext)[pri:0, instance:RunnerPackage.MonitorCucumberRunner@221a3fa4]" started-at="2024-01-16T22:18:30 GMT" name="setUpClass" finished-at="2024-01-16T22:18:33 GMT" duration-ms="2598" status="PASS">
          <params>
            <param index="0">
              <value>
                <![CDATA[org.testng.TestRunner@75483843]]>
              </value>
            </param>
          </params>
          <reporter-output>
          </reporter-output>
        </test-method> <!-- setUpClass -->
        <test-method signature="runScenario(io.cucumber.testng.PickleWrapper,io.cucumber.testng.FeatureWrapper)[pri:0, instance:RunnerPackage.MonitorCucumberRunner@221a3fa4]" started-at="2024-01-16T22:18:33 GMT" name="runScenario" description="Runs Cucumber Scenarios" data-provider="scenarios" finished-at="2024-01-16T22:18:55 GMT" duration-ms="21852" status="PASS">
          <params>
            <param index="0">
              <value>
                <![CDATA["Adding a “Monitor” Item in Cart and verifying sub total"]]>
              </value>
            </param>
            <param index="1">
              <value>
                <![CDATA["Adding First Item in Cart and verifying sub total"]]>
              </value>
            </param>
          </params>
          <reporter-output>
          </reporter-output>
        </test-method> <!-- runScenario -->
        <test-method is-config="true" signature="tearDownClass()[pri:0, instance:RunnerPackage.MonitorCucumberRunner@221a3fa4]" started-at="2024-01-16T22:18:55 GMT" name="tearDownClass" finished-at="2024-01-16T22:18:55 GMT" duration-ms="410" status="PASS">
          <reporter-output>
          </reporter-output>
        </test-method> <!-- tearDownClass -->
      </class> <!-- RunnerPackage.MonitorCucumberRunner -->
    </test> <!-- Default test -->
  </suite> <!-- Default suite -->
</testng-results>
